<?xml version="1.0" encoding="UTF-8"?>
<testng-results skipped="0" failed="0" ignored="0" total="1" passed="1">
  <reporter-output>
  </reporter-output>
  <suite name="Suite" duration-ms="58" started-at="2020-02-16T18:12:43 IST" finished-at="2020-02-16T18:12:43 IST">
    <groups>
    </groups>
    <test name="Test" duration-ms="58" started-at="2020-02-16T18:12:43 IST" finished-at="2020-02-16T18:12:43 IST">
      <class name="TestCases.javaTest">
        <test-method status="PASS" signature="test3()[pri:0, instance:TestCases.javaTest@7c417213]" name="test3" duration-ms="5" started-at="2020-02-16T18:12:43 IST" finished-at="2020-02-16T18:12:43 IST">
          <reporter-output>
          </reporter-output>
        </test-method> <!-- test3 -->
      </class> <!-- TestCases.javaTest -->
    </test> <!-- Test -->
  </suite> <!-- Suite -->
</testng-results>
