<?xml version="1.0" encoding="UTF-8"?>
<testng-results skipped="0" failed="0" ignored="0" total="3" passed="3">
  <reporter-output>
  </reporter-output>
  <suite name="Command line suite" duration-ms="79" started-at="2020-02-16T18:11:59 IST" finished-at="2020-02-16T18:11:59 IST">
    <groups>
    </groups>
    <test name="Command line test" duration-ms="79" started-at="2020-02-16T18:11:59 IST" finished-at="2020-02-16T18:11:59 IST">
      <class name="TestCases.SeleniumTest">
        <test-method status="PASS" signature="test()[pri:0, instance:TestCases.SeleniumTest@6d4b1c02]" name="test" duration-ms="0" started-at="2020-02-16T18:11:59 IST" finished-at="2020-02-16T18:11:59 IST">
          <reporter-output>
          </reporter-output>
        </test-method> <!-- test -->
        <test-method status="PASS" signature="test2()[pri:0, instance:TestCases.SeleniumTest@6d4b1c02]" name="test2" duration-ms="1" started-at="2020-02-16T18:11:59 IST" finished-at="2020-02-16T18:11:59 IST">
          <reporter-output>
          </reporter-output>
        </test-method> <!-- test2 -->
      </class> <!-- TestCases.SeleniumTest -->
      <class name="TestCases.javaTest">
        <test-method status="PASS" signature="test3()[pri:0, instance:TestCases.javaTest@7cd62f43]" name="test3" duration-ms="7" started-at="2020-02-16T18:11:59 IST" finished-at="2020-02-16T18:11:59 IST">
          <reporter-output>
          </reporter-output>
        </test-method> <!-- test3 -->
      </class> <!-- TestCases.javaTest -->
    </test> <!-- Command line test -->
  </suite> <!-- Command line suite -->
</testng-results>
