<?xml version="1.0" encoding="UTF-8"?>
<!-- Generated by org.testng.reporters.JUnitXMLReporter -->
<testsuite hostname="ArpitaPC" ignored="0" name="Command line test" tests="3" failures="0" timestamp="2020-02-16T18:11:59 IST" time="0.079" errors="0">
  <testcase name="test3" time="0.007" classname="TestCases.javaTest"/>
  <testcase name="test" time="0.0" classname="TestCases.SeleniumTest"/>
  <testcase name="test2" time="0.001" classname="TestCases.SeleniumTest"/>
</testsuite> <!-- Command line test -->
